<?xml version="1.0" encoding="UTF-8"?>
<testsuite name="com.example.bvnk_client_service.service.DefaultReportServiceTest" tests="1" skipped="0" failures="0" errors="0" timestamp="2023-12-26T10:44:54" hostname="NTB-492" time="0.762">
  <properties/>
  <testcase name="shouldThrowExceptionWhenResponseIsNotSuccessful()" classname="com.example.bvnk_client_service.service.DefaultReportServiceTest" time="0.762"/>
  <system-out><![CDATA[]]></system-out>
  <system-err><![CDATA[]]></system-err>
</testsuite>
